Log Has Been Cleared
Start of log
2021-07-06 03:57:23
24.22.215.42
2021-07-06 04:36:52
::1
2021-07-06 04:37:02
::1
2021-07-06 04:37:05
::1
2021-07-06 23:32:59
::1
2021-07-06 23:33:47
::1
2021-07-06 23:40:40
34.204.28.47
2021-07-06 23:40:40
34.204.28.47
2021-07-06 23:40:41
24.22.215.42
2021-07-06 23:40:42
172.58.87.193
2021-07-06 23:51:51
24.22.215.42
2021-07-07 04:16:58
24.22.215.42
2021-07-07 04:16:58
24.22.215.42
2021-07-07 04:17:10
2602:306:ce43:9790:80b1:983b:5af1:5da3
2021-07-07 04:17:27
2602:306:ce43:9790:80b1:983b:5af1:5da3
2021-07-07 04:26:52
34.199.86.69
2021-07-07 04:26:52
34.199.86.69
2021-07-07 04:26:53
73.157.41.22
2021-07-07 05:17:30
::1
2021-07-08 02:25:04
::1
2021-07-12 02:47:47
::1
2021-07-12 02:51:32
::1
2021-07-12 03:00:04
::1
2021-07-12 03:01:51
::1
2021-07-12 03:06:34
::1
2021-07-12 03:46:28
::1
2021-07-13 02:41:40
::1
2021-07-13 02:44:04
::1
2021-07-13 02:46:42
::1
2021-07-13 02:48:47
::1
2021-07-13 02:55:29
::1
2021-07-13 02:55:34
::1
2021-07-13 02:55:44
::1
2021-07-13 02:55:45
::1
2021-07-13 02:57:03
::1
2021-07-13 02:57:10
::1
2021-07-13 02:57:26
::1
2021-07-13 02:59:56
::1
2021-07-13 03:00:09
::1
2021-07-13 03:00:39
::1
2021-07-13 03:00:45
::1
2021-07-13 03:02:17
::1
2021-07-13 03:02:43
::1
2021-07-13 03:02:52
::1
2021-07-13 03:02:54
::1
2021-07-13 03:02:55
::1
2021-07-13 03:02:55
::1
2021-07-13 03:02:55
::1
2021-07-13 03:02:56
::1
2021-07-13 03:02:56
::1
2021-07-13 03:02:57
::1
2021-07-13 03:02:57
::1
2021-07-13 03:02:57
::1
2021-07-13 03:02:58
::1
2021-07-13 03:17:03
::1
2021-07-13 03:18:06
::1
2021-07-13 03:18:24
::1
2021-07-13 03:18:43
::1
2021-07-13 03:19:04
::1
2021-07-13 03:23:57
::1
